https://cache-redirector.jetbrains.com/www.jetbrains.com/intellij-repository/releases/com/jetbrains/intellij/idea/ideaIC/2021.1.3/ideaIC-2021.1.3.zip
https://cache-redirector.jetbrains.com/www.jetbrains.com/intellij-repository/releases/com/jetbrains/intellij/idea/ideaIC/2021.1.3/ideaIC-2021.1.3.pom
https://cache-redirector.jetbrains.com/www.jetbrains.com/intellij-repository/releases/com/jetbrains/intellij/idea/ideaIC/2021.1.3/ideaIC-2021.1.3-sources.jar
https://cache-redirector.jetbrains.com/www.jetbrains.com/intellij-repository/releases/com/jetbrains/intellij/java/java-compiler-ant-tasks/211.7628.21/java-compiler-ant-tasks-211.7628.21.jar
https://cache-redirector.jetbrains.com/www.jetbrains.com/intellij-repository/releases/com/jetbrains/intellij/java/java-compiler-ant-tasks/211.7628.21/java-compiler-ant-tasks-211.7628.21.pom
https://cache-redirector.jetbrains.com/www.jetbrains.com/intellij-repository/releases/com/jetbrains/intellij/java/java-compiler-instrumentation-util/211.7628.21/java-compiler-instrumentation-util-211.7628.21.jar
https://cache-redirector.jetbrains.com/www.jetbrains.com/intellij-repository/releases/com/jetbrains/intellij/java/java-compiler-instrumentation-util/211.7628.21/java-compiler-instrumentation-util-211.7628.21.pom
https://cache-redirector.jetbrains.com/www.jetbrains.com/intellij-repository/releases/com/jetbrains/intellij/java/java-compiler-instrumentation-util-java8/211.7628.21/java-compiler-instrumentation-util-java8-211.7628.21.jar
https://cache-redirector.jetbrains.com/www.jetbrains.com/intellij-repository/releases/com/jetbrains/intellij/java/java-compiler-instrumentation-util-java8/211.7628.21/java-compiler-instrumentation-util-java8-211.7628.21.pom
https://cache-redirector.jetbrains.com/www.jetbrains.com/intellij-repository/releases/com/jetbrains/intellij/java/java-gui-forms-compiler/211.7628.21/java-gui-forms-compiler-211.7628.21.jar
https://cache-redirector.jetbrains.com/www.jetbrains.com/intellij-repository/releases/com/jetbrains/intellij/java/java-gui-forms-compiler/211.7628.21/java-gui-forms-compiler-211.7628.21.pom
https://cache-redirector.jetbrains.com/www.jetbrains.com/intellij-repository/releases/com/jetbrains/intellij/java/java-gui-forms-rt/211.7628.21/java-gui-forms-rt-211.7628.21.jar
https://cache-redirector.jetbrains.com/www.jetbrains.com/intellij-repository/releases/com/jetbrains/intellij/java/java-gui-forms-rt/211.7628.21/java-gui-forms-rt-211.7628.21.pom
https://cache-redirector.jetbrains.com/intellij-dependencies/org/jetbrains/intellij/deps/asm-all/9.1/asm-all-9.1.jar
https://cache-redirector.jetbrains.com/intellij-dependencies/org/jetbrains/intellij/deps/asm-all/9.1/asm-all-9.1.pom
https://cache-redirector.jetbrains.com/intellij-dependencies/org/jetbrains/intellij/deps/jdom/2.0.6/jdom-2.0.6.jar
https://cache-redirector.jetbrains.com/intellij-dependencies/org/jetbrains/intellij/deps/jdom/2.0.6/jdom-2.0.6.pom
https://jitpack.io/com/github/TarCV/beanshell/beanshell/5e2cc2f240eaec2d7d9c9b745aa3a5d04bc8fa2c/beanshell-5e2cc2f240eaec2d7d9c9b745aa3a5d04bc8fa2c.pom
https://jitpack.io/com/github/TarCV/beanshell/bsh/5e2cc2f240eaec2d7d9c9b745aa3a5d04bc8fa2c/bsh-5e2cc2f240eaec2d7d9c9b745aa3a5d04bc8fa2c.jar
https://jitpack.io/com/github/TarCV/beanshell/bsh/5e2cc2f240eaec2d7d9c9b745aa3a5d04bc8fa2c/bsh-5e2cc2f240eaec2d7d9c9b745aa3a5d04bc8fa2c.pom
https://dl.google.com/dl/android/maven2/androidx/test/uiautomator/uiautomator/2.2.0/uiautomator-2.2.0.aar
https://dl.google.com/dl/android/maven2/androidx/test/uiautomator/uiautomator/2.2.0/uiautomator-2.2.0.pom
https://plugins.gradle.org/m2/com/fasterxml/jackson/core/jackson-annotations/2.14.2/jackson-annotations-2.14.2.jar
https://plugins.gradle.org/m2/com/fasterxml/jackson/core/jackson-annotations/2.14.2/jackson-annotations-2.14.2.module
https://plugins.gradle.org/m2/com/fasterxml/jackson/core/jackson-annotations/2.14.2/jackson-annotations-2.14.2.pom
https://plugins.gradle.org/m2/com/fasterxml/jackson/core/jackson-core/2.14.2/jackson-core-2.14.2.jar
https://plugins.gradle.org/m2/com/fasterxml/jackson/core/jackson-core/2.14.2/jackson-core-2.14.2.module
https://plugins.gradle.org/m2/com/fasterxml/jackson/core/jackson-core/2.14.2/jackson-core-2.14.2.pom
https://plugins.gradle.org/m2/com/fasterxml/jackson/core/jackson-databind/2.14.2/jackson-databind-2.14.2.jar
https://plugins.gradle.org/m2/com/fasterxml/jackson/core/jackson-databind/2.14.2/jackson-databind-2.14.2.module
https://plugins.gradle.org/m2/com/fasterxml/jackson/core/jackson-databind/2.14.2/jackson-databind-2.14.2.pom
https://plugins.gradle.org/m2/com/fasterxml/jackson/jackson-base/2.14.2/jackson-base-2.14.2.pom
https://plugins.gradle.org/m2/com/fasterxml/jackson/jackson-bom/2.14.2/jackson-bom-2.14.2.pom
https://plugins.gradle.org/m2/com/fasterxml/jackson/jackson-parent/2.14/jackson-parent-2.14.pom
https://plugins.gradle.org/m2/com/fasterxml/jackson/module/jackson-module-kotlin/2.14.2/jackson-module-kotlin-2.14.2.jar
https://plugins.gradle.org/m2/com/fasterxml/jackson/module/jackson-module-kotlin/2.14.2/jackson-module-kotlin-2.14.2.module
https://plugins.gradle.org/m2/com/fasterxml/jackson/module/jackson-module-kotlin/2.14.2/jackson-module-kotlin-2.14.2.pom
https://plugins.gradle.org/m2/com/fasterxml/oss-parent/48/oss-parent-48.pom
https://plugins.gradle.org/m2/com/google/code/findbugs/jsr305/3.0.2/jsr305-3.0.2.jar
https://plugins.gradle.org/m2/com/google/code/findbugs/jsr305/3.0.2/jsr305-3.0.2.pom
https://plugins.gradle.org/m2/com/google/code/gson/gson/2.8.6/gson-2.8.6.jar
https://plugins.gradle.org/m2/com/google/code/gson/gson/2.8.6/gson-2.8.6.pom
https://plugins.gradle.org/m2/com/google/code/gson/gson-parent/2.8.6/gson-parent-2.8.6.pom
https://plugins.gradle.org/m2/com/googlecode/plist/dd-plist/1.26/dd-plist-1.26.jar
https://plugins.gradle.org/m2/com/googlecode/plist/dd-plist/1.26/dd-plist-1.26.pom
https://plugins.gradle.org/m2/com/google/errorprone/error_prone_annotations/2.3.4/error_prone_annotations-2.3.4.jar
https://plugins.gradle.org/m2/com/google/errorprone/error_prone_annotations/2.3.4/error_prone_annotations-2.3.4.pom
https://plugins.gradle.org/m2/com/google/errorprone/error_prone_parent/2.3.4/error_prone_parent-2.3.4.pom
https://plugins.gradle.org/m2/com/google/guava/failureaccess/1.0.1/failureaccess-1.0.1.jar
https://plugins.gradle.org/m2/com/google/guava/failureaccess/1.0.1/failureaccess-1.0.1.pom
https://plugins.gradle.org/m2/com/google/guava/guava/28.2-jre/guava-28.2-jre.jar
https://plugins.gradle.org/m2/com/google/guava/guava/28.2-jre/guava-28.2-jre.pom
https://plugins.gradle.org/m2/com/google/guava/guava-parent/26.0-android/guava-parent-26.0-android.pom
https://plugins.gradle.org/m2/com/google/guava/guava-parent/28.2-jre/guava-parent-28.2-jre.pom
https://plugins.gradle.org/m2/com/google/guava/listenablefuture/9999.0-empty-to-avoid-conflict-with-guava/listenablefuture-9999.0-empty-to-avoid-conflict-with-guava.jar
https://plugins.gradle.org/m2/com/google/guava/listenablefuture/9999.0-empty-to-avoid-conflict-with-guava/listenablefuture-9999.0-empty-to-avoid-conflict-with-guava.pom
https://plugins.gradle.org/m2/com/google/j2objc/j2objc-annotations/1.3/j2objc-annotations-1.3.jar
https://plugins.gradle.org/m2/com/google/j2objc/j2objc-annotations/1.3/j2objc-annotations-1.3.pom
https://plugins.gradle.org/m2/commons-io/commons-io/2.10.0/commons-io-2.10.0.jar
https://plugins.gradle.org/m2/commons-io/commons-io/2.10.0/commons-io-2.10.0.pom
https://plugins.gradle.org/m2/com/squareup/okhttp3/okhttp/4.4.1/okhttp-4.4.1.jar
https://plugins.gradle.org/m2/com/squareup/okhttp3/okhttp/4.4.1/okhttp-4.4.1.module
https://plugins.gradle.org/m2/com/squareup/okhttp3/okhttp/4.4.1/okhttp-4.4.1.pom
https://plugins.gradle.org/m2/com/squareup/okio/okio/2.4.3/okio-2.4.3.jar
https://plugins.gradle.org/m2/com/squareup/okio/okio/2.4.3/okio-2.4.3.module
https://plugins.gradle.org/m2/com/squareup/okio/okio/2.4.3/okio-2.4.3.pom
https://plugins.gradle.org/m2/com/squareup/retrofit2/converter-jackson/2.9.0/converter-jackson-2.9.0.jar
https://plugins.gradle.org/m2/com/squareup/retrofit2/converter-jackson/2.9.0/converter-jackson-2.9.0.pom
https://plugins.gradle.org/m2/com/squareup/retrofit2/converter-jaxb/2.9.0/converter-jaxb-2.9.0.jar
https://plugins.gradle.org/m2/com/squareup/retrofit2/converter-jaxb/2.9.0/converter-jaxb-2.9.0.pom
https://plugins.gradle.org/m2/com/squareup/retrofit2/retrofit/2.9.0/retrofit-2.9.0.jar
https://plugins.gradle.org/m2/com/squareup/retrofit2/retrofit/2.9.0/retrofit-2.9.0.pom
https://plugins.gradle.org/m2/com/stepango/aar2jar/com.stepango.aar2jar.gradle.plugin/0.6/com.stepango.aar2jar.gradle.plugin-0.6.pom
https://plugins.gradle.org/m2/com/sun/activation/all/1.2.0/all-1.2.0.pom
https://plugins.gradle.org/m2/com/sun/istack/istack-commons/3.0.7/istack-commons-3.0.7.pom
https://plugins.gradle.org/m2/com/sun/istack/istack-commons-runtime/3.0.7/istack-commons-runtime-3.0.7.jar
https://plugins.gradle.org/m2/com/sun/istack/istack-commons-runtime/3.0.7/istack-commons-runtime-3.0.7.pom
https://plugins.gradle.org/m2/com/sun/xml/bind/jaxb-bom-ext/2.3.0/jaxb-bom-ext-2.3.0.pom
https://plugins.gradle.org/m2/com/sun/xml/bind/jaxb-bom-ext/2.3.1/jaxb-bom-ext-2.3.1.pom
https://plugins.gradle.org/m2/com/sun/xml/bind/jaxb-bom-ext/2.3.2/jaxb-bom-ext-2.3.2.pom
https://plugins.gradle.org/m2/com/sun/xml/bind/jaxb-core/2.3.0/jaxb-core-2.3.0.jar
https://plugins.gradle.org/m2/com/sun/xml/bind/jaxb-core/2.3.0/jaxb-core-2.3.0.pom
https://plugins.gradle.org/m2/com/sun/xml/bind/jaxb-impl/2.3.2/jaxb-impl-2.3.2.jar
https://plugins.gradle.org/m2/com/sun/xml/bind/jaxb-impl/2.3.2/jaxb-impl-2.3.2.pom
https://plugins.gradle.org/m2/com/sun/xml/bind/mvn/jaxb-bundles/2.3.0/jaxb-bundles-2.3.0.pom
https://plugins.gradle.org/m2/com/sun/xml/bind/mvn/jaxb-bundles/2.3.2/jaxb-bundles-2.3.2.pom
https://plugins.gradle.org/m2/com/sun/xml/bind/mvn/jaxb-parent/2.3.0/jaxb-parent-2.3.0.pom
https://plugins.gradle.org/m2/com/sun/xml/bind/mvn/jaxb-parent/2.3.1/jaxb-parent-2.3.1.pom
https://plugins.gradle.org/m2/com/sun/xml/bind/mvn/jaxb-parent/2.3.2/jaxb-parent-2.3.2.pom
https://plugins.gradle.org/m2/com/sun/xml/bind/mvn/jaxb-runtime-parent/2.3.1/jaxb-runtime-parent-2.3.1.pom
https://plugins.gradle.org/m2/com/sun/xml/bind/mvn/jaxb-txw-parent/2.3.1/jaxb-txw-parent-2.3.1.pom
https://plugins.gradle.org/m2/com/sun/xml/fastinfoset/FastInfoset/1.2.15/FastInfoset-1.2.15.jar
https://plugins.gradle.org/m2/com/sun/xml/fastinfoset/FastInfoset/1.2.15/FastInfoset-1.2.15.pom
https://plugins.gradle.org/m2/com/sun/xml/fastinfoset/fastinfoset-project/1.2.15/fastinfoset-project-1.2.15.pom
https://plugins.gradle.org/m2/gradle/plugin/com/stepango/aar2jar/aar2jar/0.6/aar2jar-0.6.jar
https://plugins.gradle.org/m2/gradle/plugin/com/stepango/aar2jar/aar2jar/0.6/aar2jar-0.6.pom
https://plugins.gradle.org/m2/gradle/plugin/org/jetbrains/gradle/plugin/idea-ext/gradle-idea-ext/1.1.7/gradle-idea-ext-1.1.7.jar
https://plugins.gradle.org/m2/gradle/plugin/org/jetbrains/gradle/plugin/idea-ext/gradle-idea-ext/1.1.7/gradle-idea-ext-1.1.7.pom
https://plugins.gradle.org/m2/javax/activation/javax.activation-api/1.2.0/javax.activation-api-1.2.0.jar
https://plugins.gradle.org/m2/javax/activation/javax.activation-api/1.2.0/javax.activation-api-1.2.0.pom
https://plugins.gradle.org/m2/javax/xml/bind/jaxb-api/2.4.0-b180830.0359/jaxb-api-2.4.0-b180830.0359.jar
https://plugins.gradle.org/m2/javax/xml/bind/jaxb-api/2.4.0-b180830.0359/jaxb-api-2.4.0-b180830.0359.pom
https://plugins.gradle.org/m2/javax/xml/bind/jaxb-api-parent/2.4.0-b180830.0359/jaxb-api-parent-2.4.0-b180830.0359.pom
https://plugins.gradle.org/m2/net/java/dev/jna/jna/5.6.0/jna-5.6.0.jar
https://plugins.gradle.org/m2/net/java/dev/jna/jna/5.6.0/jna-5.6.0.pom
https://plugins.gradle.org/m2/net/java/jvnet-parent/1/jvnet-parent-1.pom
https://plugins.gradle.org/m2/net/java/jvnet-parent/5/jvnet-parent-5.pom
https://plugins.gradle.org/m2/org/apache/apache/23/apache-23.pom
https://plugins.gradle.org/m2/org/apache/apache/27/apache-27.pom
https://plugins.gradle.org/m2/org/apache/commons/commons-compress/1.22/commons-compress-1.22.jar
https://plugins.gradle.org/m2/org/apache/commons/commons-compress/1.22/commons-compress-1.22.pom
https://plugins.gradle.org/m2/org/apache/commons/commons-parent/52/commons-parent-52.pom
https://plugins.gradle.org/m2/org/apache/commons/commons-parent/54/commons-parent-54.pom
https://plugins.gradle.org/m2/org/atteo/evo-inflector/1.3/evo-inflector-1.3.jar
https://plugins.gradle.org/m2/org/atteo/evo-inflector/1.3/evo-inflector-1.3.pom
https://plugins.gradle.org/m2/org/atteo/parent/1.19/parent-1.19.pom
https://plugins.gradle.org/m2/org/checkerframework/checker-qual/2.10.0/checker-qual-2.10.0.jar
https://plugins.gradle.org/m2/org/checkerframework/checker-qual/2.10.0/checker-qual-2.10.0.pom
https://plugins.gradle.org/m2/org/eclipse/ee4j/project/1.0.5/project-1.0.5.pom
https://plugins.gradle.org/m2/org/glassfish/jaxb/jaxb-bom/2.3.0/jaxb-bom-2.3.0.pom
https://plugins.gradle.org/m2/org/glassfish/jaxb/jaxb-bom/2.3.1/jaxb-bom-2.3.1.pom
https://plugins.gradle.org/m2/org/glassfish/jaxb/jaxb-bom/2.3.2/jaxb-bom-2.3.2.pom
https://plugins.gradle.org/m2/org/glassfish/jaxb/jaxb-runtime/2.3.1/jaxb-runtime-2.3.1.jar
https://plugins.gradle.org/m2/org/glassfish/jaxb/jaxb-runtime/2.3.1/jaxb-runtime-2.3.1.pom
https://plugins.gradle.org/m2/org/glassfish/jaxb/txw2/2.3.1/txw2-2.3.1.jar
https://plugins.gradle.org/m2/org/glassfish/jaxb/txw2/2.3.1/txw2-2.3.1.pom
https://plugins.gradle.org/m2/org/jdom/jdom2/2.0.6.1/jdom2-2.0.6.1.jar
https://plugins.gradle.org/m2/org/jdom/jdom2/2.0.6.1/jdom2-2.0.6.1.pom
https://plugins.gradle.org/m2/org/jetbrains/annotations/13.0/annotations-13.0.jar
https://plugins.gradle.org/m2/org/jetbrains/annotations/13.0/annotations-13.0.pom
https://repo1.maven.org/maven2/org/jetbrains/annotations/20.1.0/annotations-20.1.0.jar
https://repo1.maven.org/maven2/org/jetbrains/annotations/20.1.0/annotations-20.1.0.pom
https://repo1.maven.org/maven2/org/jetbrains/annotations/24.0.0/annotations-24.0.0.jar
https://repo1.maven.org/maven2/org/jetbrains/annotations/24.0.0/annotations-24.0.0.pom
https://plugins.gradle.org/m2/org/jetbrains/changelog/org.jetbrains.changelog.gradle.plugin/2.0.0/org.jetbrains.changelog.gradle.plugin-2.0.0.pom
https://plugins.gradle.org/m2/org/jetbrains/intellij/blockmap/1.0.5/blockmap-1.0.5.jar
https://plugins.gradle.org/m2/org/jetbrains/intellij/blockmap/1.0.5/blockmap-1.0.5.module
https://plugins.gradle.org/m2/org/jetbrains/intellij/blockmap/1.0.5/blockmap-1.0.5.pom
https://plugins.gradle.org/m2/org/jetbrains/intellij/deps/trove4j/1.0.20200330/trove4j-1.0.20200330.jar
https://plugins.gradle.org/m2/org/jetbrains/intellij/deps/trove4j/1.0.20200330/trove4j-1.0.20200330.pom
https://plugins.gradle.org/m2/org/jetbrains/intellij/org.jetbrains.intellij.gradle.plugin/1.13.2/org.jetbrains.intellij.gradle.plugin-1.13.2.pom
https://plugins.gradle.org/m2/org/jetbrains/intellij/plugin-repository-rest-client/2.0.30/plugin-repository-rest-client-2.0.30.jar
https://plugins.gradle.org/m2/org/jetbrains/intellij/plugin-repository-rest-client/2.0.30/plugin-repository-rest-client-2.0.30.module
https://plugins.gradle.org/m2/org/jetbrains/intellij/plugin-repository-rest-client/2.0.30/plugin-repository-rest-client-2.0.30.pom
https://plugins.gradle.org/m2/org/jetbrains/intellij/plugins/gradle-changelog-plugin/2.0.0/gradle-changelog-plugin-2.0.0.jar
https://plugins.gradle.org/m2/org/jetbrains/intellij/plugins/gradle-changelog-plugin/2.0.0/gradle-changelog-plugin-2.0.0.module
https://plugins.gradle.org/m2/org/jetbrains/intellij/plugins/gradle-changelog-plugin/2.0.0/gradle-changelog-plugin-2.0.0.pom
https://plugins.gradle.org/m2/org/jetbrains/intellij/plugins/gradle-intellij-plugin/1.13.2/gradle-intellij-plugin-1.13.2.jar
https://plugins.gradle.org/m2/org/jetbrains/intellij/plugins/gradle-intellij-plugin/1.13.2/gradle-intellij-plugin-1.13.2.module
https://plugins.gradle.org/m2/org/jetbrains/intellij/plugins/gradle-intellij-plugin/1.13.2/gradle-intellij-plugin-1.13.2.pom
https://plugins.gradle.org/m2/org/jetbrains/intellij/plugins/structure-base/3.250/structure-base-3.250.jar
https://plugins.gradle.org/m2/org/jetbrains/intellij/plugins/structure-base/3.250/structure-base-3.250.module
https://plugins.gradle.org/m2/org/jetbrains/intellij/plugins/structure-base/3.250/structure-base-3.250.pom
https://plugins.gradle.org/m2/org/jetbrains/intellij/plugins/structure-intellij/3.250/structure-intellij-3.250.jar
https://plugins.gradle.org/m2/org/jetbrains/intellij/plugins/structure-intellij/3.250/structure-intellij-3.250.module
https://plugins.gradle.org/m2/org/jetbrains/intellij/plugins/structure-intellij/3.250/structure-intellij-3.250.pom
https://plugins.gradle.org/m2/org/jetbrains/kotlin/jvm/org.jetbrains.kotlin.jvm.gradle.plugin/1.8.10/org.jetbrains.kotlin.jvm.gradle.plugin-1.8.10.pom
https://plugins.gradle.org/m2/org/jetbrains/kotlin/kotlin-android-extensions/1.8.10/kotlin-android-extensions-1.8.10.jar
https://plugins.gradle.org/m2/org/jetbrains/kotlin/kotlin-android-extensions/1.8.10/kotlin-android-extensions-1.8.10.pom
https://plugins.gradle.org/m2/org/jetbrains/kotlin/kotlin-annotation-processing-gradle/1.8.10/kotlin-annotation-processing-gradle-1.8.10.jar
https://plugins.gradle.org/m2/org/jetbrains/kotlin/kotlin-annotation-processing-gradle/1.8.10/kotlin-annotation-processing-gradle-1.8.10.pom
https://plugins.gradle.org/m2/org/jetbrains/kotlin/kotlin-build-common/1.8.10/kotlin-build-common-1.8.10.jar
https://plugins.gradle.org/m2/org/jetbrains/kotlin/kotlin-build-common/1.8.10/kotlin-build-common-1.8.10.pom
https://plugins.gradle.org/m2/org/jetbrains/kotlin/kotlin-compiler-embeddable/1.8.10/kotlin-compiler-embeddable-1.8.10.jar
https://plugins.gradle.org/m2/org/jetbrains/kotlin/kotlin-compiler-embeddable/1.8.10/kotlin-compiler-embeddable-1.8.10.pom
https://plugins.gradle.org/m2/org/jetbrains/kotlin/kotlin-compiler-runner/1.8.10/kotlin-compiler-runner-1.8.10.jar
https://plugins.gradle.org/m2/org/jetbrains/kotlin/kotlin-compiler-runner/1.8.10/kotlin-compiler-runner-1.8.10.pom
https://plugins.gradle.org/m2/org/jetbrains/kotlin/kotlin-daemon-client/1.8.10/kotlin-daemon-client-1.8.10.jar
https://plugins.gradle.org/m2/org/jetbrains/kotlin/kotlin-daemon-client/1.8.10/kotlin-daemon-client-1.8.10.pom
https://plugins.gradle.org/m2/org/jetbrains/kotlin/kotlin-daemon-embeddable/1.8.10/kotlin-daemon-embeddable-1.8.10.jar
https://plugins.gradle.org/m2/org/jetbrains/kotlin/kotlin-daemon-embeddable/1.8.10/kotlin-daemon-embeddable-1.8.10.pom
https://plugins.gradle.org/m2/org/jetbrains/kotlin/kotlin-gradle-plugin/1.8.10/kotlin-gradle-plugin-1.8.10-gradle76.jar
https://plugins.gradle.org/m2/org/jetbrains/kotlin/kotlin-gradle-plugin/1.8.10/kotlin-gradle-plugin-1.8.10.module
https://plugins.gradle.org/m2/org/jetbrains/kotlin/kotlin-gradle-plugin/1.8.10/kotlin-gradle-plugin-1.8.10.pom
https://plugins.gradle.org/m2/org/jetbrains/kotlin/kotlin-gradle-plugin-api/1.8.10/kotlin-gradle-plugin-api-1.8.10-gradle76.jar
https://plugins.gradle.org/m2/org/jetbrains/kotlin/kotlin-gradle-plugin-api/1.8.10/kotlin-gradle-plugin-api-1.8.10.jar
https://plugins.gradle.org/m2/org/jetbrains/kotlin/kotlin-gradle-plugin-api/1.8.10/kotlin-gradle-plugin-api-1.8.10.module
https://plugins.gradle.org/m2/org/jetbrains/kotlin/kotlin-gradle-plugin-api/1.8.10/kotlin-gradle-plugin-api-1.8.10.pom
https://plugins.gradle.org/m2/org/jetbrains/kotlin/kotlin-gradle-plugin-idea/1.8.10/kotlin-gradle-plugin-idea-1.8.10.jar
https://plugins.gradle.org/m2/org/jetbrains/kotlin/kotlin-gradle-plugin-idea/1.8.10/kotlin-gradle-plugin-idea-1.8.10.module
https://plugins.gradle.org/m2/org/jetbrains/kotlin/kotlin-gradle-plugin-idea/1.8.10/kotlin-gradle-plugin-idea-1.8.10.pom
https://plugins.gradle.org/m2/org/jetbrains/kotlin/kotlin-gradle-plugin-idea-proto/1.8.10/kotlin-gradle-plugin-idea-proto-1.8.10.jar
https://plugins.gradle.org/m2/org/jetbrains/kotlin/kotlin-gradle-plugin-idea-proto/1.8.10/kotlin-gradle-plugin-idea-proto-1.8.10.pom
https://plugins.gradle.org/m2/org/jetbrains/kotlin/kotlin-gradle-plugin-model/1.8.10/kotlin-gradle-plugin-model-1.8.10.jar
https://plugins.gradle.org/m2/org/jetbrains/kotlin/kotlin-gradle-plugin-model/1.8.10/kotlin-gradle-plugin-model-1.8.10.module
https://plugins.gradle.org/m2/org/jetbrains/kotlin/kotlin-gradle-plugin-model/1.8.10/kotlin-gradle-plugin-model-1.8.10.pom
https://plugins.gradle.org/m2/org/jetbrains/kotlin/kotlin-klib-commonizer-api/1.8.10/kotlin-klib-commonizer-api-1.8.10.jar
https://plugins.gradle.org/m2/org/jetbrains/kotlin/kotlin-klib-commonizer-api/1.8.10/kotlin-klib-commonizer-api-1.8.10.pom
https://plugins.gradle.org/m2/org/jetbrains/kotlin/kotlin-native-utils/1.8.10/kotlin-native-utils-1.8.10.jar
https://plugins.gradle.org/m2/org/jetbrains/kotlin/kotlin-native-utils/1.8.10/kotlin-native-utils-1.8.10.pom
https://plugins.gradle.org/m2/org/jetbrains/kotlin/kotlin-project-model/1.8.10/kotlin-project-model-1.8.10.jar
https://plugins.gradle.org/m2/org/jetbrains/kotlin/kotlin-project-model/1.8.10/kotlin-project-model-1.8.10.pom
https://plugins.gradle.org/m2/org/jetbrains/kotlin/kotlin-reflect/1.6.10/kotlin-reflect-1.6.10.jar
https://plugins.gradle.org/m2/org/jetbrains/kotlin/kotlin-reflect/1.6.10/kotlin-reflect-1.6.10.pom
https://plugins.gradle.org/m2/org/jetbrains/kotlin/kotlin-script-runtime/1.8.10/kotlin-script-runtime-1.8.10.jar
https://plugins.gradle.org/m2/org/jetbrains/kotlin/kotlin-script-runtime/1.8.10/kotlin-script-runtime-1.8.10.pom
https://plugins.gradle.org/m2/org/jetbrains/kotlin/kotlin-scripting-common/1.8.10/kotlin-scripting-common-1.8.10.jar
https://plugins.gradle.org/m2/org/jetbrains/kotlin/kotlin-scripting-common/1.8.10/kotlin-scripting-common-1.8.10.pom
https://plugins.gradle.org/m2/org/jetbrains/kotlin/kotlin-scripting-compiler-embeddable/1.8.10/kotlin-scripting-compiler-embeddable-1.8.10.jar
https://plugins.gradle.org/m2/org/jetbrains/kotlin/kotlin-scripting-compiler-embeddable/1.8.10/kotlin-scripting-compiler-embeddable-1.8.10.pom
https://plugins.gradle.org/m2/org/jetbrains/kotlin/kotlin-scripting-compiler-impl-embeddable/1.8.10/kotlin-scripting-compiler-impl-embeddable-1.8.10.jar
https://plugins.gradle.org/m2/org/jetbrains/kotlin/kotlin-scripting-compiler-impl-embeddable/1.8.10/kotlin-scripting-compiler-impl-embeddable-1.8.10.pom
https://plugins.gradle.org/m2/org/jetbrains/kotlin/kotlin-scripting-jvm/1.8.10/kotlin-scripting-jvm-1.8.10.jar
https://plugins.gradle.org/m2/org/jetbrains/kotlin/kotlin-scripting-jvm/1.8.10/kotlin-scripting-jvm-1.8.10.pom
https://plugins.gradle.org/m2/org/jetbrains/kotlin/kotlin-stdlib/1.7.10/kotlin-stdlib-1.7.10.jar
https://plugins.gradle.org/m2/org/jetbrains/kotlin/kotlin-stdlib/1.7.10/kotlin-stdlib-1.7.10.pom
https://plugins.gradle.org/m2/org/jetbrains/kotlin/kotlin-stdlib/1.8.10/kotlin-stdlib-1.8.10.jar
https://plugins.gradle.org/m2/org/jetbrains/kotlin/kotlin-stdlib/1.8.10/kotlin-stdlib-1.8.10.pom
https://plugins.gradle.org/m2/org/jetbrains/kotlin/kotlin-stdlib-common/1.7.10/kotlin-stdlib-common-1.7.10.jar
https://plugins.gradle.org/m2/org/jetbrains/kotlin/kotlin-stdlib-common/1.7.10/kotlin-stdlib-common-1.7.10.pom
https://plugins.gradle.org/m2/org/jetbrains/kotlin/kotlin-stdlib-common/1.8.10/kotlin-stdlib-common-1.8.10.jar
https://plugins.gradle.org/m2/org/jetbrains/kotlin/kotlin-stdlib-common/1.8.10/kotlin-stdlib-common-1.8.10.pom
https://plugins.gradle.org/m2/org/jetbrains/kotlin/kotlin-stdlib-jdk7/1.7.10/kotlin-stdlib-jdk7-1.7.10.jar
https://plugins.gradle.org/m2/org/jetbrains/kotlin/kotlin-stdlib-jdk7/1.7.10/kotlin-stdlib-jdk7-1.7.10.pom
https://plugins.gradle.org/m2/org/jetbrains/kotlin/kotlin-stdlib-jdk7/1.8.10/kotlin-stdlib-jdk7-1.8.10.jar
https://plugins.gradle.org/m2/org/jetbrains/kotlin/kotlin-stdlib-jdk7/1.8.10/kotlin-stdlib-jdk7-1.8.10.pom
https://plugins.gradle.org/m2/org/jetbrains/kotlin/kotlin-stdlib-jdk8/1.7.10/kotlin-stdlib-jdk8-1.7.10.jar
https://plugins.gradle.org/m2/org/jetbrains/kotlin/kotlin-stdlib-jdk8/1.7.10/kotlin-stdlib-jdk8-1.7.10.pom
https://plugins.gradle.org/m2/org/jetbrains/kotlin/kotlin-stdlib-jdk8/1.8.10/kotlin-stdlib-jdk8-1.8.10.jar
https://plugins.gradle.org/m2/org/jetbrains/kotlin/kotlin-stdlib-jdk8/1.8.10/kotlin-stdlib-jdk8-1.8.10.pom
https://plugins.gradle.org/m2/org/jetbrains/kotlin/kotlin-tooling-core/1.8.10/kotlin-tooling-core-1.8.10.jar
https://plugins.gradle.org/m2/org/jetbrains/kotlin/kotlin-tooling-core/1.8.10/kotlin-tooling-core-1.8.10.pom
https://plugins.gradle.org/m2/org/jetbrains/kotlin/kotlin-util-io/1.8.10/kotlin-util-io-1.8.10.jar
https://plugins.gradle.org/m2/org/jetbrains/kotlin/kotlin-util-io/1.8.10/kotlin-util-io-1.8.10.pom
https://plugins.gradle.org/m2/org/jetbrains/kotlin/kotlin-util-klib/1.8.10/kotlin-util-klib-1.8.10.jar
https://plugins.gradle.org/m2/org/jetbrains/kotlin/kotlin-util-klib/1.8.10/kotlin-util-klib-1.8.10.pom
https://plugins.gradle.org/m2/org/jetbrains/kotlinx/kotlinx-coroutines-core-jvm/1.5.0/kotlinx-coroutines-core-jvm-1.5.0.jar
https://plugins.gradle.org/m2/org/jetbrains/kotlinx/kotlinx-coroutines-core-jvm/1.5.0/kotlinx-coroutines-core-jvm-1.5.0.module
https://plugins.gradle.org/m2/org/jetbrains/kotlinx/kotlinx-coroutines-core-jvm/1.5.0/kotlinx-coroutines-core-jvm-1.5.0.pom
https://plugins.gradle.org/m2/org/jetbrains/kotlinx/kotlinx-serialization-bom/1.5.0/kotlinx-serialization-bom-1.5.0.pom
https://plugins.gradle.org/m2/org/jetbrains/kotlinx/kotlinx-serialization-core/1.5.0/kotlinx-serialization-core-1.5.0.module
https://plugins.gradle.org/m2/org/jetbrains/kotlinx/kotlinx-serialization-core/1.5.0/kotlinx-serialization-core-1.5.0.pom
https://plugins.gradle.org/m2/org/jetbrains/kotlinx/kotlinx-serialization-core-jvm/1.5.0/kotlinx-serialization-core-jvm-1.5.0.jar
https://plugins.gradle.org/m2/org/jetbrains/kotlinx/kotlinx-serialization-core-jvm/1.5.0/kotlinx-serialization-core-jvm-1.5.0.module
https://plugins.gradle.org/m2/org/jetbrains/kotlinx/kotlinx-serialization-core-jvm/1.5.0/kotlinx-serialization-core-jvm-1.5.0.pom
https://plugins.gradle.org/m2/org/jetbrains/kotlinx/kotlinx-serialization-json/1.5.0/kotlinx-serialization-json-1.5.0.module
https://plugins.gradle.org/m2/org/jetbrains/kotlinx/kotlinx-serialization-json/1.5.0/kotlinx-serialization-json-1.5.0.pom
https://plugins.gradle.org/m2/org/jetbrains/kotlinx/kotlinx-serialization-json-jvm/1.5.0/kotlinx-serialization-json-jvm-1.5.0.jar
https://plugins.gradle.org/m2/org/jetbrains/kotlinx/kotlinx-serialization-json-jvm/1.5.0/kotlinx-serialization-json-jvm-1.5.0.module
https://plugins.gradle.org/m2/org/jetbrains/kotlinx/kotlinx-serialization-json-jvm/1.5.0/kotlinx-serialization-json-jvm-1.5.0.pom
https://plugins.gradle.org/m2/org/jetbrains/kotlinx/kover/0.6.1/kover-0.6.1.jar
https://plugins.gradle.org/m2/org/jetbrains/kotlinx/kover/0.6.1/kover-0.6.1.module
https://plugins.gradle.org/m2/org/jetbrains/kotlinx/kover/0.6.1/kover-0.6.1.pom
https://plugins.gradle.org/m2/org/jetbrains/kotlinx/kover/org.jetbrains.kotlinx.kover.gradle.plugin/0.6.1/org.jetbrains.kotlinx.kover.gradle.plugin-0.6.1.pom
https://plugins.gradle.org/m2/org/jetbrains/markdown/0.3.1/markdown-0.3.1.module
https://plugins.gradle.org/m2/org/jetbrains/markdown/0.3.1/markdown-0.3.1.pom
https://plugins.gradle.org/m2/org/jetbrains/markdown-jvm/0.3.1/markdown-jvm-0.3.1.jar
https://plugins.gradle.org/m2/org/jetbrains/markdown-jvm/0.3.1/markdown-jvm-0.3.1.module
https://plugins.gradle.org/m2/org/jetbrains/markdown-jvm/0.3.1/markdown-jvm-0.3.1.pom
https://plugins.gradle.org/m2/org/jetbrains/qodana/gradle-qodana-plugin/0.1.13/gradle-qodana-plugin-0.1.13.jar
https://plugins.gradle.org/m2/org/jetbrains/qodana/gradle-qodana-plugin/0.1.13/gradle-qodana-plugin-0.1.13.module
https://plugins.gradle.org/m2/org/jetbrains/qodana/gradle-qodana-plugin/0.1.13/gradle-qodana-plugin-0.1.13.pom
https://plugins.gradle.org/m2/org/jetbrains/qodana/org.jetbrains.qodana.gradle.plugin/0.1.13/org.jetbrains.qodana.gradle.plugin-0.1.13.pom
https://plugins.gradle.org/m2/org/jsoup/jsoup/1.15.4/jsoup-1.15.4.jar
https://plugins.gradle.org/m2/org/jsoup/jsoup/1.15.4/jsoup-1.15.4.pom
https://plugins.gradle.org/m2/org/junit/junit-bom/5.7.2/junit-bom-5.7.2.module
https://plugins.gradle.org/m2/org/junit/junit-bom/5.7.2/junit-bom-5.7.2.pom
https://plugins.gradle.org/m2/org/junit/junit-bom/5.9.0/junit-bom-5.9.0.module
https://plugins.gradle.org/m2/org/junit/junit-bom/5.9.0/junit-bom-5.9.0.pom
https://plugins.gradle.org/m2/org/junit/junit-bom/5.9.1/junit-bom-5.9.1.module
https://plugins.gradle.org/m2/org/junit/junit-bom/5.9.1/junit-bom-5.9.1.pom
https://plugins.gradle.org/m2/org/jvnet/staxex/stax-ex/1.8/stax-ex-1.8.jar
https://plugins.gradle.org/m2/org/jvnet/staxex/stax-ex/1.8/stax-ex-1.8.pom
https://plugins.gradle.org/m2/org/slf4j/slf4j-api/2.0.6/slf4j-api-2.0.6.jar
https://plugins.gradle.org/m2/org/slf4j/slf4j-api/2.0.6/slf4j-api-2.0.6.pom
https://plugins.gradle.org/m2/org/slf4j/slf4j-parent/2.0.6/slf4j-parent-2.0.6.pom
https://plugins.gradle.org/m2/org/sonatype/oss/oss-parent/7/oss-parent-7.pom
https://plugins.gradle.org/m2/org/sonatype/oss/oss-parent/9/oss-parent-9.pom
https://plugins.gradle.org/m2/org/tukaani/xz/1.9/xz-1.9.jar
https://plugins.gradle.org/m2/org/tukaani/xz/1.9/xz-1.9.pom
https://plugins.gradle.org/m2/software/amazon/awssdk/aws-sdk-java-pom/2.17.188/aws-sdk-java-pom-2.17.188.pom
https://plugins.gradle.org/m2/software/amazon/awssdk/bom/2.17.188/bom-2.17.188.pom
https://repo.maven.apache.org/maven2/com/jgoodies/forms/1.1-preview/forms-1.1-preview.jar
https://repo.maven.apache.org/maven2/com/jgoodies/forms/1.1-preview/forms-1.1-preview.pom
